[ 2018-07-14T16:11:11+08:00 ] 127.0.0.1 127.0.0.1 GET /
[ log ] lb.com/ [运行时间：1.746099s][吞吐率：0.57req/s] [内存消耗：2,119.68kb] [文件加载：45]
[ info ] [ LANG ] E:\f\phpace_dev\thinkphp\lang\zh-cn.php
[ info ] [ ROUTE ] array (
  'type' => 'module',
  'module' => 
  array (
    0 => '',
    1 => NULL,
    2 => NULL,
  ),
)
[ info ] [ HEADER ] array (
  'host' => 'lb.com',
  'connection' => 'keep-alive',
  'user-agent' => 'Mozilla/5.0 (Windows NT 6.1; WOW64) AppleWebKit/537.36 (KHTML, like Gecko) Chrome/63.0.3239.26 Safari/537.36 Core/1.63.4793.400 QQBrowser/10.0.743.400',
  'upgrade-insecure-requests' => '1',
  'accept' => 'text/html,application/xhtml+xml,application/xml;q=0.9,image/webp,image/apng,*/*;q=0.8',
  'accept-encoding' => 'gzip, deflate',
  'accept-language' => 'zh-CN,zh;q=0.9',
)
[ info ] [ PARAM ] array (
)
[ info ] [ SESSION ] INIT array (
  'id' => '',
  'var_session_id' => 'sss',
  'prefix' => 'think',
  'type' => '',
  'auto_start' => true,
)
[ info ] [ VIEW ] E:\f\phpace_dev\public/../application/index\view\Login\login.html [ array (
) ]
[ info ] [ RUN ] app\index\controller\Index->index[ E:\f\phpace_dev\application\index\controller\Index.php ]
[ info ] [ VIEW ] E:\f\phpace_dev\public/../application/index\view\Login\login.html [ array (
) ]
[ info ] [ LOG ] INIT File

---------------------------------------------------------------
[ 2018-07-14T16:11:12+08:00 ] 127.0.0.1 127.0.0.1 GET /favicon.ico
[ log ] lb.com/favicon.ico [运行时间：0.056004s][吞吐率：17.86req/s] [内存消耗：1,621.63kb] [文件加载：38]
[ info ] [ LANG ] E:\f\phpace_dev\thinkphp\lang\zh-cn.php
[ info ] [ ROUTE ] array (
  'type' => 'module',
  'module' => 
  array (
    0 => 'favicon.ico',
    1 => NULL,
    2 => NULL,
  ),
)
[ info ] [ HEADER ] array (
  'host' => 'lb.com',
  'connection' => 'keep-alive',
  'user-agent' => 'Mozilla/5.0 (Windows NT 6.1; WOW64) AppleWebKit/537.36 (KHTML, like Gecko) Chrome/63.0.3239.26 Safari/537.36 Core/1.63.4793.400 QQBrowser/10.0.743.400',
  'accept' => 'image/webp,image/apng,image/*,*/*;q=0.8',
  'referer' => 'http://lb.com/',
  'accept-encoding' => 'gzip, deflate',
  'accept-language' => 'zh-CN,zh;q=0.9',
  'cookie' => 'PHPSESSID=9fmn2te8g9kaiprr8qrfsr4ek3; thinkphp_show_page_trace=0|0',
)
[ info ] [ PARAM ] array (
)
[ info ] [ LOG ] INIT File

---------------------------------------------------------------
[ 2018-07-14T16:11:13+08:00 ] 127.0.0.1 127.0.0.1 GET /favicon.ico
[ log ] lb.com/favicon.ico [运行时间：0.059004s][吞吐率：16.95req/s] [内存消耗：1,621.27kb] [文件加载：38]
[ info ] [ LANG ] E:\f\phpace_dev\thinkphp\lang\zh-cn.php
[ info ] [ ROUTE ] array (
  'type' => 'module',
  'module' => 
  array (
    0 => 'favicon.ico',
    1 => NULL,
    2 => NULL,
  ),
)
[ info ] [ HEADER ] array (
  'host' => 'lb.com',
  'connection' => 'keep-alive',
  'user-agent' => 'Mozilla/5.0 (Windows NT 6.1; WOW64) AppleWebKit/537.36 (KHTML, like Gecko) Chrome/63.0.3239.26 Safari/537.36 Core/1.63.4793.400 QQBrowser/10.0.743.400',
  'accept-encoding' => 'gzip, deflate',
  'accept-language' => 'zh-CN,zh;q=0.9',
  'cookie' => 'PHPSESSID=9fmn2te8g9kaiprr8qrfsr4ek3; thinkphp_show_page_trace=0|0',
)
[ info ] [ PARAM ] array (
)
[ info ] [ LOG ] INIT File

---------------------------------------------------------------
[ 2018-07-14T16:11:22+08:00 ] 127.0.0.1 127.0.0.1 GET /favicon.ico
[ log ] lb.com/favicon.ico [运行时间：0.058004s][吞吐率：17.24req/s] [内存消耗：1,621.27kb] [文件加载：38]
[ info ] [ LANG ] E:\f\phpace_dev\thinkphp\lang\zh-cn.php
[ info ] [ ROUTE ] array (
  'type' => 'module',
  'module' => 
  array (
    0 => 'favicon.ico',
    1 => NULL,
    2 => NULL,
  ),
)
[ info ] [ HEADER ] array (
  'host' => 'lb.com',
  'connection' => 'keep-alive',
  'user-agent' => 'Mozilla/5.0 (Windows NT 6.1; WOW64) AppleWebKit/537.36 (KHTML, like Gecko) Chrome/63.0.3239.26 Safari/537.36 Core/1.63.4793.400 QQBrowser/10.0.743.400',
  'accept-encoding' => 'gzip, deflate',
  'accept-language' => 'zh-CN,zh;q=0.9',
  'cookie' => 'PHPSESSID=9fmn2te8g9kaiprr8qrfsr4ek3; thinkphp_show_page_trace=0|0',
)
[ info ] [ PARAM ] array (
)
[ info ] [ LOG ] INIT File

---------------------------------------------------------------
