[ 2018-07-18T16:41:25+08:00 ] 127.0.0.1 127.0.0.1 GET /favicon.ico
[ log ] lb.com/favicon.ico [运行时间：0.938054s][吞吐率：1.07req/s] [内存消耗：1,621.08kb] [文件加载：38]
[ info ] [ LANG ] E:\f\phpace_dev\thinkphp\lang\zh-cn.php
[ info ] [ ROUTE ] array (
  'type' => 'module',
  'module' => 
  array (
    0 => 'favicon.ico',
    1 => NULL,
    2 => NULL,
  ),
)
[ info ] [ HEADER ] array (
  'host' => 'lb.com',
  'connection' => 'keep-alive',
  'user-agent' => 'Mozilla/5.0 (Windows NT 6.1; WOW64) AppleWebKit/537.36 (KHTML, like Gecko) Chrome/63.0.3239.26 Safari/537.36 Core/1.63.4793.400 QQBrowser/10.0.743.400',
  'accept-encoding' => 'gzip, deflate',
  'accept-language' => 'zh-CN,zh;q=0.9',
)
[ info ] [ PARAM ] array (
)
[ info ] [ LOG ] INIT File

---------------------------------------------------------------
[ 2018-07-18T16:41:39+08:00 ] 127.0.0.1 127.0.0.1 GET /favicon.ico
[ log ] lb.com/favicon.ico [运行时间：0.059003s][吞吐率：16.95req/s] [内存消耗：1,621.09kb] [文件加载：38]
[ info ] [ LANG ] E:\f\phpace_dev\thinkphp\lang\zh-cn.php
[ info ] [ ROUTE ] array (
  'type' => 'module',
  'module' => 
  array (
    0 => 'favicon.ico',
    1 => NULL,
    2 => NULL,
  ),
)
[ info ] [ HEADER ] array (
  'host' => 'lb.com',
  'connection' => 'keep-alive',
  'user-agent' => 'Mozilla/5.0 (Windows NT 6.1; WOW64) AppleWebKit/537.36 (KHTML, like Gecko) Chrome/63.0.3239.26 Safari/537.36 Core/1.63.4793.400 QQBrowser/10.0.743.400',
  'accept-encoding' => 'gzip, deflate',
  'accept-language' => 'zh-CN,zh;q=0.9',
)
[ info ] [ PARAM ] array (
)
[ info ] [ LOG ] INIT File

---------------------------------------------------------------
[ 2018-07-18T16:41:42+08:00 ] 127.0.0.1 127.0.0.1 GET /favicon.ico
[ log ] lb.com/favicon.ico [运行时间：0.054004s][吞吐率：18.52req/s] [内存消耗：1,621.09kb] [文件加载：38]
[ info ] [ LANG ] E:\f\phpace_dev\thinkphp\lang\zh-cn.php
[ info ] [ ROUTE ] array (
  'type' => 'module',
  'module' => 
  array (
    0 => 'favicon.ico',
    1 => NULL,
    2 => NULL,
  ),
)
[ info ] [ HEADER ] array (
  'host' => 'lb.com',
  'connection' => 'keep-alive',
  'user-agent' => 'Mozilla/5.0 (Windows NT 6.1; WOW64) AppleWebKit/537.36 (KHTML, like Gecko) Chrome/63.0.3239.26 Safari/537.36 Core/1.63.4793.400 QQBrowser/10.0.743.400',
  'accept-encoding' => 'gzip, deflate',
  'accept-language' => 'zh-CN,zh;q=0.9',
)
[ info ] [ PARAM ] array (
)
[ info ] [ LOG ] INIT File

---------------------------------------------------------------
[ 2018-07-18T16:42:01+08:00 ] 127.0.0.1 127.0.0.1 GET /favicon.ico
[ log ] lb.com/favicon.ico [运行时间：0.064003s][吞吐率：15.62req/s] [内存消耗：1,621.09kb] [文件加载：38]
[ info ] [ LANG ] E:\f\phpace_dev\thinkphp\lang\zh-cn.php
[ info ] [ ROUTE ] array (
  'type' => 'module',
  'module' => 
  array (
    0 => 'favicon.ico',
    1 => NULL,
    2 => NULL,
  ),
)
[ info ] [ HEADER ] array (
  'host' => 'lb.com',
  'connection' => 'keep-alive',
  'user-agent' => 'Mozilla/5.0 (Windows NT 6.1; WOW64) AppleWebKit/537.36 (KHTML, like Gecko) Chrome/63.0.3239.26 Safari/537.36 Core/1.63.4793.400 QQBrowser/10.0.743.400',
  'accept-encoding' => 'gzip, deflate',
  'accept-language' => 'zh-CN,zh;q=0.9',
)
[ info ] [ PARAM ] array (
)
[ info ] [ LOG ] INIT File

---------------------------------------------------------------
